This is XeTeX, Version 3.14159265-2.6-0.99991 (TeX Live 2014/W32TeX) (preloaded format=xelatex 2015.5.10)  17 SEP 2015 12:47
entering extended mode
 restricted \write18 enabled.
 %&-line parsing enabled.
**"solcornell (1).tex"
(./solcornell (1).tex
LaTeX2e <2014/05/01>
Babel <3.9k> and hyphenation patterns for 43 languages loaded.
(c:/texlive/2014/texmf-dist/tex/latex/base/article.cls
Document Class: article 2007/10/19 v1.4h Standard LaTeX document class
(c:/texlive/2014/texmf-dist/tex/latex/base/size12.clo
File: size12.clo 2007/10/19 v1.4h Standard LaTeX file (size option)
)
\c@part=\count80
\c@section=\count81
\c@subsection=\count82
\c@subsubsection=\count83
\c@paragraph=\count84
\c@subparagraph=\count85
\c@figure=\count86
\c@table=\count87
\abovecaptionskip=\skip41
\belowcaptionskip=\skip42
\bibindent=\dimen102
)
(c:/texlive/2014/texmf-dist/tex/latex/preprint/fullpage.sty
Package: fullpage 1999/02/23 1.1 (PWD)
\FP@margin=\skip43
)
(c:/texlive/2014/texmf-dist/tex/latex/eepic/epic.sty
Enhancements to Picture Environment. Version 1.2 - Released June 1, 1986
\@@multicnt=\count88
\d@lta=\count89
\@delta=\dimen103
\@@delta=\dimen104
\@gridcnt=\count90
\@joinkind=\count91
\@dotgap=\dimen105
\@ddotgap=\dimen106
\@x@diff=\count92
\@y@diff=\count93
\x@diff=\dimen107
\y@diff=\dimen108
\@dotbox=\box26
\num@segments=\count94
\num@segmentsi=\count95
\@datafile=\read1
)
\c@statement=\count96
 (./solcornell (1).aux)
\openout1 = `"solcornell (1).aux"'.

LaTeX Font Info:    Checking defaults for OML/cmm/m/it on input line 196.
LaTeX Font Info:    ... okay on input line 196.
LaTeX Font Info:    Checking defaults for T1/cmr/m/n on input line 196.
LaTeX Font Info:    ... okay on input line 196.
LaTeX Font Info:    Checking defaults for OT1/cmr/m/n on input line 196.
LaTeX Font Info:    ... okay on input line 196.
LaTeX Font Info:    Checking defaults for OMS/cmsy/m/n on input line 196.
LaTeX Font Info:    ... okay on input line 196.
LaTeX Font Info:    Checking defaults for OMX/cmex/m/n on input line 196.
LaTeX Font Info:    ... okay on input line 196.
LaTeX Font Info:    Checking defaults for U/cmr/m/n on input line 196.
LaTeX Font Info:    ... okay on input line 196.
LaTeX Font Info:    External font `cmex10' loaded for size
(Font)              <12> on input line 211.
LaTeX Font Info:    External font `cmex10' loaded for size
(Font)              <8> on input line 211.
LaTeX Font Info:    External font `cmex10' loaded for size
(Font)              <6> on input line 211.
 [1

] (./solcornell (1).aux) ) 
Here is how much of TeX's memory you used:
 417 strings out of 494893
 4174 string characters out of 6168745
 56249 words of memory out of 5000000
 3760 multiletter control sequences out of 15000+600000
 7030 words of font info for 25 fonts, out of 8000000 for 9000
 430 hyphenation exceptions out of 8191
 22i,4n,19p,122b,107s stack positions out of 5000i,500n,10000p,200000b,80000s

Output written on solcornell (1).pdf (1 page).
