This is XeTeX, Version 3.14159265-2.6-0.99991 (TeX Live 2014/W32TeX) (preloaded format=xelatex 2015.5.10)  1 APR 2016 20:41
entering extended mode
 restricted \write18 enabled.
 %&-line parsing enabled.
**HW_cis_502.tex
(./HW_cis_502.tex
LaTeX2e <2014/05/01>
Babel <3.9k> and hyphenation patterns for 43 languages loaded.
(c:/texlive/2014/texmf-dist/tex/latex/base/article.cls
Document Class: article 2007/10/19 v1.4h Standard LaTeX document class
(c:/texlive/2014/texmf-dist/tex/latex/base/size11.clo
File: size11.clo 2007/10/19 v1.4h Standard LaTeX file (size option)
)
\c@part=\count80
\c@section=\count81
\c@subsection=\count82
\c@subsubsection=\count83
\c@paragraph=\count84
\c@subparagraph=\count85
\c@figure=\count86
\c@table=\count87
\abovecaptionskip=\skip41
\belowcaptionskip=\skip42
\bibindent=\dimen102
)
(c:/texlive/2014/texmf-dist/tex/latex/amsmath/amsgen.sty
File: amsgen.sty 1999/11/30 v2.0
\@emptytoks=\toks14
\ex@=\dimen103
)
(c:/texlive/2014/texmf-dist/tex/latex/amsmath/amsmath.sty
Package: amsmath 2013/01/14 v2.14 AMS math features
\@mathmargin=\skip43

For additional information on amsmath, use the `?' option.
(c:/texlive/2014/texmf-dist/tex/latex/amsmath/amstext.sty
Package: amstext 2000/06/29 v2.01
)
(c:/texlive/2014/texmf-dist/tex/latex/amsmath/amsbsy.sty
Package: amsbsy 1999/11/29 v1.2d
\pmbraise@=\dimen104
)
(c:/texlive/2014/texmf-dist/tex/latex/amsmath/amsopn.sty
Package: amsopn 1999/12/14 v2.01 operator names
)
\inf@bad=\count88
LaTeX Info: Redefining \frac on input line 210.
\uproot@=\count89
\leftroot@=\count90
LaTeX Info: Redefining \overline on input line 306.
\classnum@=\count91
\DOTSCASE@=\count92
LaTeX Info: Redefining \ldots on input line 378.
LaTeX Info: Redefining \dots on input line 381.
LaTeX Info: Redefining \cdots on input line 466.
\Mathstrutbox@=\box26
\strutbox@=\box27
\big@size=\dimen105
LaTeX Font Info:    Redeclaring font encoding OML on input line 566.
LaTeX Font Info:    Redeclaring font encoding OMS on input line 567.
\macc@depth=\count93
\c@MaxMatrixCols=\count94
\dotsspace@=\muskip10
\c@parentequation=\count95
\dspbrk@lvl=\count96
\tag@help=\toks15
\row@=\count97
\column@=\count98
\maxfields@=\count99
\andhelp@=\toks16
\eqnshift@=\dimen106
\alignsep@=\dimen107
\tagshift@=\dimen108
\tagwidth@=\dimen109
\totwidth@=\dimen110
\lineht@=\dimen111
\@envbody=\toks17
\multlinegap=\skip44
\multlinetaggap=\skip45
\mathdisplay@stack=\toks18
LaTeX Info: Redefining \[ on input line 2665.
LaTeX Info: Redefining \] on input line 2666.
)
(c:/texlive/2014/texmf-dist/tex/latex/amsfonts/amssymb.sty
Package: amssymb 2013/01/14 v3.01 AMS font symbols

(c:/texlive/2014/texmf-dist/tex/latex/amsfonts/amsfonts.sty
Package: amsfonts 2013/01/14 v3.01 Basic AMSFonts support
\symAMSa=\mathgroup4
\symAMSb=\mathgroup5
LaTeX Font Info:    Overwriting math alphabet `\mathfrak' in version `bold'
(Font)                  U/euf/m/n --> U/euf/b/n on input line 106.
))
(c:/texlive/2014/texmf-dist/tex/latex/graphics/graphicx.sty
Package: graphicx 2014/04/25 v1.0g Enhanced LaTeX Graphics (DPC,SPQR)

(c:/texlive/2014/texmf-dist/tex/latex/graphics/keyval.sty
Package: keyval 2014/05/08 v1.15 key=value parser (DPC)
\KV@toks@=\toks19
)
(c:/texlive/2014/texmf-dist/tex/latex/graphics/graphics.sty
Package: graphics 2009/02/05 v1.0o Standard LaTeX Graphics (DPC,SPQR)

(c:/texlive/2014/texmf-dist/tex/latex/graphics/trig.sty
Package: trig 1999/03/16 v1.09 sin cos tan (DPC)
)
(c:/texlive/2014/texmf-dist/tex/latex/latexconfig/graphics.cfg
File: graphics.cfg 2010/04/23 v1.9 graphics configuration of TeX Live
)
Package graphics Info: Driver file: dvips.def on input line 91.

(c:/texlive/2014/texmf-dist/tex/latex/graphics/dvips.def
File: dvips.def 2014/04/23 v3.0j Driver-dependant file (DPC,SPQR)
))
\Gin@req@height=\dimen112
\Gin@req@width=\dimen113
)
(c:/texlive/2014/texmf-dist/tex/latex/extarrows/extarrows.sty
Package: extarrows 2008/05/15 v1.0b Some extensible arrows
)
(c:/texlive/2014/texmf-dist/tex/latex/ntheorem/ntheorem.sty
Style `ntheorem', Version 1.33 <2011/08/15>
Package: ntheorem 2011/08/15 1.33
(c:/texlive/2014/texmf-dist/tex/latex/base/ifthen.sty
Package: ifthen 2001/05/26 v1.1c Standard LaTeX ifthen package (DPC)
)
\theorem@style=\toks20
\theorem@@style=\toks21
\theorembodyfont=\toks22
\theoremnumbering=\toks23
\theorempreskipamount=\skip46
\theorempostskipamount=\skip47
\theoremframepreskipamount=\skip48
\theoremframepostskipamount=\skip49
\theoreminframepreskipamount=\skip50
\theoreminframepostskipamount=\skip51
\theorem@preskip=\toks24
\theorem@postskip=\toks25
\theorem@framepreskip=\toks26
\theorem@framepostskip=\toks27
\theorem@inframepreskip=\toks28
\theorem@inframepostskip=\toks29
\theoremindent=\dimen114
\theorem@indent=\dimen115
\theoremrightindent=\dimen116
\theorem@rightindent=\dimen117
\theoremheaderfont=\toks30
\theoremseparator=\toks31
\theoremprework=\toks32
\theorempostwork=\toks33
\theoremsymbol=\toks34
\qedsymbol=\toks35
\theoremkeyword=\toks36
\qedsymbol=\toks37
\thm@topsep=\skip52
\thm@topsepadd=\skip53
Package ntheorem Info: Option `thmmarks' loaded on input line 1175.
\c@endNonectr=\count100
\c@currNonectr=\count101
\mysavskip=\skip54
)
(c:/texlive/2014/texmf-dist/tex/latex/mdframed/mdframed.sty
Package: mdframed 2013/07/01 1.9b: mdframed

(c:/texlive/2014/texmf-dist/tex/latex/oberdiek/kvoptions.sty
Package: kvoptions 2011/06/30 v3.11 Key value format for package options (HO)

(c:/texlive/2014/texmf-dist/tex/generic/oberdiek/ltxcmds.sty
Package: ltxcmds 2011/11/09 v1.22 LaTeX kernel commands for general use (HO)
)
(c:/texlive/2014/texmf-dist/tex/generic/oberdiek/kvsetkeys.sty
Package: kvsetkeys 2012/04/25 v1.16 Key value parser (HO)

(c:/texlive/2014/texmf-dist/tex/generic/oberdiek/infwarerr.sty
Package: infwarerr 2010/04/08 v1.3 Providing info/warning/error messages (HO)
)
(c:/texlive/2014/texmf-dist/tex/generic/oberdiek/etexcmds.sty
Package: etexcmds 2011/02/16 v1.5 Avoid name clashes with e-TeX commands (HO)

(c:/texlive/2014/texmf-dist/tex/generic/oberdiek/ifluatex.sty
Package: ifluatex 2010/03/01 v1.3 Provides the ifluatex switch (HO)
Package ifluatex Info: LuaTeX not detected.
)
Package etexcmds Info: Could not find \expanded.
(etexcmds)             That can mean that you are not using pdfTeX 1.50 or
(etexcmds)             that some package has redefined \expanded.
(etexcmds)             In the latter case, load this package earlier.
)))
(c:/texlive/2014/texmf-dist/tex/latex/l3packages/xparse/xparse.sty
(c:/texlive/2014/texmf-dist/tex/latex/l3kernel/expl3.sty
Package: expl3 2014/05/20 v4814 L3 programming layer (loader) 

(c:/texlive/2014/texmf-dist/tex/generic/oberdiek/ifpdf.sty
Package: ifpdf 2011/01/30 v2.3 Provides the ifpdf switch (HO)
Package ifpdf Info: pdfTeX in PDF mode is not detected.
)
(c:/texlive/2014/texmf-dist/tex/latex/l3kernel/expl3-code.tex
Package: expl3 2014/05/20 v4814 L3 programming layer (code) 
L3 Module: l3bootstrap 2014/05/16 v4782 L3 Bootstrap code

(c:/texlive/2014/texmf-dist/tex/latex/etex-pkg/etex.sty
Package: etex 1998/03/26 v2.0 eTeX basic definition package (PEB)
\et@xins=\count102
)
L3 Module: l3names 2014/05/04 v4728 L3 Namespace for primitives
L3 Module: l3basics 2014/05/04 v4728 L3 Basic definitions
L3 Module: l3expan 2014/04/30 v4712 L3 Argument expansion
L3 Module: l3tl 2014/05/04 v4728 L3 Token lists
L3 Module: l3seq 2014/04/30 v4712 L3 Sequences and stacks
L3 Module: l3int 2014/05/16 v4776 L3 Integers
\c_max_int=\count103
\l_tmpa_int=\count104
\l_tmpb_int=\count105
\g_tmpa_int=\count106
\g_tmpb_int=\count107
L3 Module: l3quark 2014/05/04 v4728 L3 Quarks
L3 Module: l3prg 2014/05/04 v4728 L3 Control structures
\g__prg_map_int=\count108
L3 Module: l3clist 2014/05/04 v4728 L3 Comma separated lists
L3 Module: l3token 2014/05/04 v4728 L3 Experimental token manipulation
L3 Module: l3prop 2014/04/30 v4712 L3 Property lists
L3 Module: l3msg 2014/05/04 v4728 L3 Messages
L3 Module: l3file 2014/05/05 v4737 L3 File and I/O operations
\l_iow_line_count_int=\count109
\l__iow_target_count_int=\count110
\l__iow_current_line_int=\count111
\l__iow_current_word_int=\count112
\l__iow_current_indentation_int=\count113
L3 Module: l3skip 2014/05/05 v4738 L3 Dimensions and skips
\c_zero_dim=\dimen118
\c_max_dim=\dimen119
\l_tmpa_dim=\dimen120
\l_tmpb_dim=\dimen121
\g_tmpa_dim=\dimen122
\g_tmpb_dim=\dimen123
\c_zero_skip=\skip55
\c_max_skip=\skip56
\l_tmpa_skip=\skip57
\l_tmpb_skip=\skip58
\g_tmpa_skip=\skip59
\g_tmpb_skip=\skip60
\c_zero_muskip=\muskip11
\c_max_muskip=\muskip12
\l_tmpa_muskip=\muskip13
\l_tmpb_muskip=\muskip14
\g_tmpa_muskip=\muskip15
\g_tmpb_muskip=\muskip16
L3 Module: l3keys 2014/05/08 v4753 L3 Key-value interfaces
\g__keyval_level_int=\count114
\l_keys_choice_int=\count115
L3 Module: l3fp 2014/04/30 v4712 L3 Floating points
\c__fp_leading_shift_int=\count116
\c__fp_middle_shift_int=\count117
\c__fp_trailing_shift_int=\count118
\c__fp_big_leading_shift_int=\count119
\c__fp_big_middle_shift_int=\count120
\c__fp_big_trailing_shift_int=\count121
\c__fp_Bigg_leading_shift_int=\count122
\c__fp_Bigg_middle_shift_int=\count123
\c__fp_Bigg_trailing_shift_int=\count124
L3 Module: l3box 2014/05/04 v4728 L3 Experimental boxes
\c_empty_box=\box28
\l_tmpa_box=\box29
\l_tmpb_box=\box30
\g_tmpa_box=\box31
\g_tmpb_box=\box32
L3 Module: l3coffins 2014/05/04 v4728 L3 Coffin code layer
\l__coffin_internal_box=\box33
\l__coffin_internal_dim=\dimen124
\l__coffin_offset_x_dim=\dimen125
\l__coffin_offset_y_dim=\dimen126
\l__coffin_x_dim=\dimen127
\l__coffin_y_dim=\dimen128
\l__coffin_x_prime_dim=\dimen129
\l__coffin_y_prime_dim=\dimen130
\c_empty_coffin=\box34
\l__coffin_aligned_coffin=\box35
\l__coffin_aligned_internal_coffin=\box36
\l_tmpa_coffin=\box37
\l_tmpb_coffin=\box38
\l__coffin_display_coffin=\box39
\l__coffin_display_coord_coffin=\box40
\l__coffin_display_pole_coffin=\box41
\l__coffin_display_offset_dim=\dimen131
\l__coffin_display_x_dim=\dimen132
\l__coffin_display_y_dim=\dimen133
L3 Module: l3color 2014/04/30 v4712 L3 Experimental color support
L3 Module: l3luatex 2014/04/30 v4712 L3 Experimental LuaTeX-specific functions
\g__cctab_allocate_int=\count125
\g__cctab_stack_int=\count126
L3 Module: l3candidates 2014/05/04 v4734 L3 Experimental additions to l3kernel
\l__box_top_dim=\dimen134
\l__box_bottom_dim=\dimen135
\l__box_left_dim=\dimen136
\l__box_right_dim=\dimen137
\l__box_top_new_dim=\dimen138
\l__box_bottom_new_dim=\dimen139
\l__box_left_new_dim=\dimen140
\l__box_right_new_dim=\dimen141
\l__box_internal_box=\box42
\l__coffin_bounding_shift_dim=\dimen142
\l__coffin_left_corner_dim=\dimen143
\l__coffin_right_corner_dim=\dimen144
\l__coffin_bottom_corner_dim=\dimen145
\l__coffin_top_corner_dim=\dimen146
\l__coffin_scaled_total_height_dim=\dimen147
\l__coffin_scaled_width_dim=\dimen148
))
Package: xparse 2014/05/05 v4740 L3 Experimental document command parser
\l__xparse_current_arg_int=\count127
\l__xparse_m_args_int=\count128
\l__xparse_mandatory_args_int=\count129
\l__xparse_processor_int=\count130
\l__xparse_v_nesting_int=\count131
)
(c:/texlive/2014/texmf-dist/tex/latex/etoolbox/etoolbox.sty
Package: etoolbox 2011/01/03 v2.1 e-TeX tools for LaTeX
\etb@tempcnta=\count132
)
(c:/texlive/2014/texmf-dist/tex/latex/oberdiek/zref-abspage.sty
Package: zref-abspage 2012/04/04 v2.24 Module abspage for zref (HO)

(c:/texlive/2014/texmf-dist/tex/latex/oberdiek/zref-base.sty
Package: zref-base 2012/04/04 v2.24 Module base for zref (HO)

(c:/texlive/2014/texmf-dist/tex/generic/oberdiek/kvdefinekeys.sty
Package: kvdefinekeys 2011/04/07 v1.3 Define keys (HO)
)
(c:/texlive/2014/texmf-dist/tex/generic/oberdiek/pdftexcmds.sty
Package: pdftexcmds 2011/11/29 v0.20 Utility functions of pdfTeX for LuaTeX (HO
)
Package pdftexcmds Info: LuaTeX not detected.
Package pdftexcmds Info: pdfTeX >= 1.30 not detected.
Package pdftexcmds Info: \pdf@primitive is available.
Package pdftexcmds Info: \pdf@ifprimitive is available.
Package pdftexcmds Info: \pdfdraftmode not found.
)
(c:/texlive/2014/texmf-dist/tex/latex/oberdiek/auxhook.sty
Package: auxhook 2011/03/04 v1.3 Hooks for auxiliary files (HO)
)
Package zref Info: New property list: main on input line 759.
Package zref Info: New property: default on input line 760.
Package zref Info: New property: page on input line 761.
)
(c:/texlive/2014/texmf-dist/tex/generic/oberdiek/atbegshi.sty
Package: atbegshi 2011/10/05 v1.16 At begin shipout hook (HO)
)
\c@abspage=\count133
Package zref Info: New property: abspage on input line 62.
)
(c:/texlive/2014/texmf-dist/tex/latex/needspace/needspace.sty
Package: needspace 2010/09/12 v1.3d reserve vertical space
)
(c:/texlive/2014/texmf-dist/tex/latex/graphics/color.sty
Package: color 2014/04/23 v1.1a Standard LaTeX Color (DPC)

(c:/texlive/2014/texmf-dist/tex/latex/latexconfig/color.cfg
File: color.cfg 2007/01/18 v1.5 color configuration of teTeX/TeXLive
)
Package color Info: Driver file: xetex.def on input line 137.

(c:/texlive/2014/texmf-dist/tex/xelatex/xetex-def/xetex.def
File: xetex.def 2014/04/28 v4.01 LaTeX color/graphics driver for XeTeX (RRM/JK)

))
\mdf@templength=\skip61
\c@mdf@globalstyle@cnt=\count134
\mdf@skipabove@length=\skip62
\mdf@skipbelow@length=\skip63
\mdf@leftmargin@length=\skip64
\mdf@rightmargin@length=\skip65
\mdf@innerleftmargin@length=\skip66
\mdf@innerrightmargin@length=\skip67
\mdf@innertopmargin@length=\skip68
\mdf@innerbottommargin@length=\skip69
\mdf@splittopskip@length=\skip70
\mdf@splitbottomskip@length=\skip71
\mdf@outermargin@length=\skip72
\mdf@innermargin@length=\skip73
\mdf@linewidth@length=\skip74
\mdf@innerlinewidth@length=\skip75
\mdf@middlelinewidth@length=\skip76
\mdf@outerlinewidth@length=\skip77
\mdf@roundcorner@length=\skip78
\mdf@footenotedistance@length=\skip79
\mdf@userdefinedwidth@length=\skip80
\mdf@needspace@length=\skip81
\mdf@frametitleaboveskip@length=\skip82
\mdf@frametitlebelowskip@length=\skip83
\mdf@frametitlerulewidth@length=\skip84
\mdf@frametitleleftmargin@length=\skip85
\mdf@frametitlerightmargin@length=\skip86
\mdf@shadowsize@length=\skip87
\mdf@extratopheight@length=\skip88
\mdf@subtitleabovelinewidth@length=\skip89
\mdf@subtitlebelowlinewidth@length=\skip90
\mdf@subtitleaboveskip@length=\skip91
\mdf@subtitlebelowskip@length=\skip92
\mdf@subtitleinneraboveskip@length=\skip93
\mdf@subtitleinnerbelowskip@length=\skip94
\mdf@subsubtitleabovelinewidth@length=\skip95
\mdf@subsubtitlebelowlinewidth@length=\skip96
\mdf@subsubtitleaboveskip@length=\skip97
\mdf@subsubtitlebelowskip@length=\skip98
\mdf@subsubtitleinneraboveskip@length=\skip99
\mdf@subsubtitleinnerbelowskip@length=\skip100

(c:/texlive/2014/texmf-dist/tex/latex/mdframed/md-frame-0.mdf
File: md-frame-0.mdf 2013/07/01\ 1.9b: md-frame-0
)
\mdf@frametitlebox=\box43
\mdf@footnotebox=\box44
\mdf@splitbox@one=\box45
\mdf@splitbox@two=\box46
\mdf@splitbox@save=\box47
\mdfsplitboxwidth=\skip101
\mdfsplitboxtotalwidth=\skip102
\mdfsplitboxheight=\skip103
\mdfsplitboxdepth=\skip104
\mdfsplitboxtotalheight=\skip105
\mdfframetitleboxwidth=\skip106
\mdfframetitleboxtotalwidth=\skip107
\mdfframetitleboxheight=\skip108
\mdfframetitleboxdepth=\skip109
\mdfframetitleboxtotalheight=\skip110
\mdffootnoteboxwidth=\skip111
\mdffootnoteboxtotalwidth=\skip112
\mdffootnoteboxheight=\skip113
\mdffootnoteboxdepth=\skip114
\mdffootnoteboxtotalheight=\skip115
\mdftotallinewidth=\skip116
\mdfboundingboxwidth=\skip117
\mdfboundingboxtotalwidth=\skip118
\mdfboundingboxheight=\skip119
\mdfboundingboxdepth=\skip120
\mdfboundingboxtotalheight=\skip121
\mdf@freevspace@length=\skip122
\mdf@horizontalwidthofbox@length=\skip123
\mdf@verticalmarginwhole@length=\skip124
\mdf@horizontalspaceofbox=\skip125
\mdfsubtitleheight=\skip126
\mdfsubsubtitleheight=\skip127
\c@mdfcountframes=\count135

****** mdframed patching \endmdf@trivlist

****** -- failed******

.................................................
. LaTeX info: "xparse/define-command"
. 
. Defining document command \newmdtheoremenv with arg. spec. 'O{} m o m o ' on
. line 601.
.................................................
.................................................
. LaTeX info: "xparse/define-command"
. 
. Defining document command \mdtheorem with arg. spec. ' O{} m o m o ' on line
. 701.
.................................................
\mdf@envdepth=\count136
\c@mdf@env@i=\count137
\c@mdf@env@ii=\count138
\c@mdf@zref@counter=\count139
Package zref Info: New property: mdf@pagevalue on input line 895.
)
(c:/texlive/2014/texmf-dist/tex/latex/hyperref/hyperref.sty
Package: hyperref 2012/11/06 v6.83m Hypertext links for LaTeX

(c:/texlive/2014/texmf-dist/tex/generic/oberdiek/hobsub-hyperref.sty
Package: hobsub-hyperref 2012/05/28 v1.13 Bundle oberdiek, subset hyperref (HO)


(c:/texlive/2014/texmf-dist/tex/generic/oberdiek/hobsub-generic.sty
Package: hobsub-generic 2012/05/28 v1.13 Bundle oberdiek, subset generic (HO)
Package: hobsub 2012/05/28 v1.13 Construct package bundles (HO)
Package hobsub Info: Skipping package `infwarerr' (already loaded).
Package hobsub Info: Skipping package `ltxcmds' (already loaded).
Package hobsub Info: Skipping package `ifluatex' (already loaded).
Package: ifvtex 2010/03/01 v1.5 Detect VTeX and its facilities (HO)
Package ifvtex Info: VTeX not detected.
Package: intcalc 2007/09/27 v1.1 Expandable calculations with integers (HO)
Package hobsub Info: Skipping package `ifpdf' (already loaded).
Package hobsub Info: Skipping package `etexcmds' (already loaded).
Package hobsub Info: Skipping package `kvsetkeys' (already loaded).
Package hobsub Info: Skipping package `kvdefinekeys' (already loaded).
Package hobsub Info: Skipping package `pdftexcmds' (already loaded).
Package: pdfescape 2011/11/25 v1.13 Implements pdfTeX's escape features (HO)
Package: bigintcalc 2012/04/08 v1.3 Expandable calculations on big integers (HO
)
Package: bitset 2011/01/30 v1.1 Handle bit-vector datatype (HO)
Package: uniquecounter 2011/01/30 v1.2 Provide unlimited unique counter (HO)
)
Package hobsub Info: Skipping package `hobsub' (already loaded).
Package: letltxmacro 2010/09/02 v1.4 Let assignment for LaTeX macros (HO)
Package: hopatch 2012/05/28 v1.2 Wrapper for package hooks (HO)
Package: xcolor-patch 2011/01/30 xcolor patch
Package: atveryend 2011/06/30 v1.8 Hooks at the very end of document (HO)
Package hobsub Info: Skipping package `atbegshi' (already loaded).
Package: refcount 2011/10/16 v3.4 Data extraction from label references (HO)
Package: hycolor 2011/01/30 v1.7 Color options for hyperref/bookmark (HO)
)
(c:/texlive/2014/texmf-dist/tex/generic/ifxetex/ifxetex.sty
Package: ifxetex 2010/09/12 v0.6 Provides ifxetex conditional
)
\@linkdim=\dimen149
\Hy@linkcounter=\count140
\Hy@pagecounter=\count141

(c:/texlive/2014/texmf-dist/tex/latex/hyperref/pd1enc.def
File: pd1enc.def 2012/11/06 v6.83m Hyperref: PDFDocEncoding definition (HO)
)
\Hy@SavedSpaceFactor=\count142

(c:/texlive/2014/texmf-dist/tex/latex/latexconfig/hyperref.cfg
File: hyperref.cfg 2002/06/06 v1.2 hyperref configuration of TeXLive
)
Package hyperref Info: Hyper figures OFF on input line 4443.
Package hyperref Info: Link nesting OFF on input line 4448.
Package hyperref Info: Hyper index ON on input line 4451.
Package hyperref Info: Plain pages OFF on input line 4458.
Package hyperref Info: Backreferencing OFF on input line 4463.
Package hyperref Info: Implicit mode ON; LaTeX internals redefined.
Package hyperref Info: Bookmarks ON on input line 4688.
\c@Hy@tempcnt=\count143

(c:/texlive/2014/texmf-dist/tex/latex/url/url.sty
\Urlmuskip=\muskip17
Package: url 2013/09/16  ver 3.4  Verb mode for urls, etc.
)
LaTeX Info: Redefining \url on input line 5041.
\XeTeXLinkMargin=\dimen150
\Fld@menulength=\count144
\Field@Width=\dimen151
\Fld@charsize=\dimen152
Package hyperref Info: Hyper figures OFF on input line 6295.
Package hyperref Info: Link nesting OFF on input line 6300.
Package hyperref Info: Hyper index ON on input line 6303.
Package hyperref Info: backreferencing OFF on input line 6310.
Package hyperref Info: Link coloring OFF on input line 6315.
Package hyperref Info: Link coloring with OCG OFF on input line 6320.
Package hyperref Info: PDF/A mode OFF on input line 6325.
LaTeX Info: Redefining \ref on input line 6365.
LaTeX Info: Redefining \pageref on input line 6369.
\Hy@abspage=\count145
\c@Item=\count146
\c@Hfootnote=\count147
)

Package hyperref Message: Driver (autodetected): hxetex.

(c:/texlive/2014/texmf-dist/tex/latex/hyperref/hxetex.def
File: hxetex.def 2012/11/06 v6.83m Hyperref driver for XeTeX

(c:/texlive/2014/texmf-dist/tex/latex/hyperref/puenc.def
File: puenc.def 2012/11/06 v6.83m Hyperref: PDF Unicode definition (HO)
)
(c:/texlive/2014/texmf-dist/tex/generic/oberdiek/stringenc.sty
Package: stringenc 2011/12/02 v1.10 Convert strings between diff. encodings (HO
)
)
\pdfm@box=\box48
\c@Hy@AnnotLevel=\count148
\HyField@AnnotCount=\count149
\Fld@listcount=\count150
\c@bookmark@seq@number=\count151

(c:/texlive/2014/texmf-dist/tex/latex/oberdiek/rerunfilecheck.sty
Package: rerunfilecheck 2011/04/15 v1.7 Rerun checks for auxiliary files (HO)
Package rerunfilecheck Info: Feature \pdfmdfivesum is not available
(rerunfilecheck)             (e.g. pdfTeX or LuaTeX with package `pdftexcmds').

(rerunfilecheck)             Therefore file contents cannot be checked efficien
tly
(rerunfilecheck)             and the loading of the package is aborted.
)
\Hy@SectionHShift=\skip128
)
Package hyperref Info: Option `colorlinks' set `true' on input line 17.


LaTeX Warning: Unknown theoremstyle `numberplain'. Using `plain' on input line 
29.

\c@currlemctr=\count152
\c@endlemctr=\count153
\c@lem=\count154
\c@currcodectr=\count155
\c@endcodectr=\count156
\c@code=\count157
\c@currclaimctr=\count158
\c@endclaimctr=\count159
\c@claim=\count160
\c@currquesctr=\count161
\c@endquesctr=\count162
\c@ques=\count163
\c@currproofctr=\count164
\c@endproofctr=\count165
\c@proof=\count166
\c@currStatectr=\count167
\c@endStatectr=\count168
\c@State=\count169
\c@currremctr=\count170
\c@endremctr=\count171
\c@rem=\count172
\c@curransctr=\count173
\c@endansctr=\count174
\c@ans=\count175
(./HW_cis_502.aux

LaTeX Warning: Label `eq:B(r) efficient bound from selection of r' multiply def
ined.

)
\openout1 = `HW_cis_502.aux'.

LaTeX Font Info:    Checking defaults for OML/cmm/m/it on input line 124.
LaTeX Font Info:    ... okay on input line 124.
LaTeX Font Info:    Checking defaults for T1/cmr/m/n on input line 124.
LaTeX Font Info:    ... okay on input line 124.
LaTeX Font Info:    Checking defaults for OT1/cmr/m/n on input line 124.
LaTeX Font Info:    ... okay on input line 124.
LaTeX Font Info:    Checking defaults for OMS/cmsy/m/n on input line 124.
LaTeX Font Info:    ... okay on input line 124.
LaTeX Font Info:    Checking defaults for OMX/cmex/m/n on input line 124.
LaTeX Font Info:    ... okay on input line 124.
LaTeX Font Info:    Checking defaults for U/cmr/m/n on input line 124.
LaTeX Font Info:    ... okay on input line 124.
LaTeX Font Info:    Checking defaults for PD1/pdf/m/n on input line 124.
LaTeX Font Info:    ... okay on input line 124.
LaTeX Font Info:    Checking defaults for PU/pdf/m/n on input line 124.
LaTeX Font Info:    ... okay on input line 124.
\AtBeginShipoutBox=\box49
Package hyperref Info: Link coloring ON on input line 124.
 (c:/texlive/2014/texmf-dist/tex/latex/hyperref/nameref.sty
Package: nameref 2012/10/27 v2.43 Cross-referencing by name of section

(c:/texlive/2014/texmf-dist/tex/generic/oberdiek/gettitlestring.sty
Package: gettitlestring 2010/12/03 v1.4 Cleanup title references (HO)
)
\c@section@level=\count176
)
LaTeX Info: Redefining \ref on input line 124.
LaTeX Info: Redefining \pageref on input line 124.
LaTeX Info: Redefining \nameref on input line 124.

(./HW_cis_502.out) (./HW_cis_502.out)
\@outlinefile=\write3
\openout3 = `HW_cis_502.out'.

LaTeX Font Info:    Try loading font information for U+msa on input line 126.

(c:/texlive/2014/texmf-dist/tex/latex/amsfonts/umsa.fd
File: umsa.fd 2013/01/14 v3.01 AMS symbols A
)
LaTeX Font Info:    Try loading font information for U+msb on input line 126.

(c:/texlive/2014/texmf-dist/tex/latex/amsfonts/umsb.fd
File: umsb.fd 2013/01/14 v3.01 AMS symbols B
) (./HW_cis_502.toc)
\tf@toc=\write4
\openout4 = `HW_cis_502.toc'.


(c:/texlive/2014/texmf-dist/tex/generic/oberdiek/se-ascii-print.def
File: se-ascii-print.def 2011/12/02 v1.10 stringenc: Printable ASCII characters

)
Package hyperref Info: bookmark level for unknown ques defaults to 0 on input l
ine 129.


Package mdframed Warning: You got a bad break
(mdframed)                because the last box will be empty
(mdframed)                you have to change it manually
(mdframed)                by changing the text, the space
(mdframed)                or something else on input line 137.

[1

]
Package hyperref Info: bookmark level for unknown ans defaults to 0 on input li
ne 138.

Overfull \hbox (15.63219pt too wide) in paragraph at lines 148--152
[]\OT1/cmr/m/it/10.95 Let the con-tes-tants be num-bered $\OT1/cmr/m/n/10.95 1\
OML/cmm/m/it/10.95 ; [] ; n$\OT1/cmr/m/it/10.95 ,
 []

Package hyperref Info: bookmark level for unknown proof defaults to 0 on input 
line 159.

Overfull \hbox (0.17941pt too wide) in paragraph at lines 183--197
[]\OT1/cmr/m/it/10.95 Label the edges ar-bi-trar-ily as $\OML/cmm/m/it/10.95 e[
]; [] ; e[]$ \OT1/cmr/m/it/10.95 with
 []

[2]
Overfull \hbox (2.719pt too wide) in paragraph at lines 199--199
[]\OT1/cmr/m/it/10.95 (a) False by re-fer-ring $\OT1/cmr/m/n/10.95 (0\OML/cmm/m
/it/10.95 ; \OT1/cmr/m/n/10.95 1)\OML/cmm/m/it/10.95 ; \OT1/cmr/m/n/10.95 (6000
\OML/cmm/m/it/10.95 ; \OT1/cmr/m/n/10.95 2)$ \OT1/cmr/m/it/10.95 with $\OML/cmm
/m/it/10.95 r \OT1/cmr/m/n/10.95 = 3000$\OT1/cmr/m/it/10.95 . 
 []

Package hyperref Info: bookmark level for unknown State defaults to 0 on input 
line 210.
[3]
Package mdframed Info: Not enough space on this page on input line 263.
 [4]
Package mdframed Info: Not enough space on this page on input line 263.
LaTeX Font Info:    Try loading font information for OMS+cmr on input line 285.

 (c:/texlive/2014/texmf-dist/tex/latex/base/omscmr.fd
File: omscmr.fd 1999/05/25 v2.5h Standard LaTeX font definitions
)
LaTeX Font Info:    Font shape `OMS/cmr/m/it' in size <10.95> not available
(Font)              Font shape `OMS/cmsy/m/n' tried instead on input line 285.
Package mdframed Info: Not enough space on this page on input line 300.
 [5]
Package mdframed Info: Not enough space on this page on input line 300.
Package mdframed Info: Box was splittet wrong
 starting loop to iterate the splitting point
(mdframed)              on input line 300.
 [6]
Package hyperref Info: bookmark level for unknown lem defaults to 0 on input li
ne 304.

Overfull \hbox (2.89612pt too wide) in paragraph at lines 304--305
\OT1/cmr/m/it/10.95 empty nor equal to all of $\OML/cmm/m/it/10.95 V$ \OT1/cmr/
m/it/10.95 and let edge $\OML/cmm/m/it/10.95 e \OT1/cmr/m/n/10.95 = (\OML/cmm/m
/it/10.95 v; w\OT1/cmr/m/n/10.95 )$ \OT1/cmr/m/it/10.95 be the minimum--
 []

[7] [8]
Package mdframed Info: Not enough space on this page on input line 338.

Overfull \hbox (9.31331pt too wide) in paragraph at lines 386--387
[]\OT1/cmr/m/it/10.95 Since Min-
 []

Package mdframed Info: Box was splittet wrong
 starting loop to iterate the splitting point
(mdframed)              on input line 397.
[9]
File: 4_31_a.jpg Graphic file (type QTm)
 <use  "4_31_a.jpg" > [10]
Package mdframed Info: Not enough space on this page on input line 416.

Overfull \hbox (4.21524pt too wide) in paragraph at lines 427--428
[]\OT1/cmr/m/it/10.95 Now, if we let
 []


LaTeX Warning: Reference `lem: cycle in H has at least 4 edges' on page 11 unde
fined on input line 432.


LaTeX Warning: Reference `lem: cycle in H has at least 4 edges' on page 11 unde
fined on input line 432.


Package amsmath Warning: Foreign command \atopwithdelims;
(amsmath)                \frac or \genfrac should be used instead
(amsmath)                 on input line 433.

[11]
Package hyperref Info: bookmark level for unknown rem defaults to 0 on input li
ne 442.

Overfull \hbox (59.9066pt too wide) in paragraph at lines 452--453
[]
 []

[12]

LaTeX Warning: Reference `eq:def of edge e' on page 13 undefined on input line 
494.

[13]
Overfull \hbox (0.69365pt too wide) in paragraph at lines 521--521
[]\OT1/cmr/m/it/10.95 Howerver, the only way you can ac-cess these val-ues is t
hrough $[]$
 []


Overfull \hbox (6.34914pt too wide) in paragraph at lines 525--526
[]\OT1/cmr/m/it/10.95 You have an undi-rected graph with
 []

[14] [15]
Package hyperref Info: bookmark level for unknown code defaults to 0 on input l
ine 593.
Package mdframed Info: Not enough space on this page on input line 613.
 [16]
Package mdframed Info: Not enough space on this page on input line 613.

Overfull \hbox (4.56372pt too wide) in paragraph at lines 614--615
[]\OT1/cmr/m/it/10.95 functions \OT1/cmtt/m/n/10.95 Merge-and-Count\OT1/cmr/m/i
t/10.95 , \OT1/cmtt/m/n/10.95 Merge-and-Count2\OT1/cmr/m/it/10.95 , \OT1/cmtt/m
/n/10.95 Sort-and-Count
 []


Overfull \hbox (1.4325pt too wide) in paragraph at lines 616--617
[]\OT1/cmr/m/it/10.95 function \OT1/cmtt/m/n/10.95 Merge-and-Count \OT1/cmr/m/i
t/10.95 is the clas-sic func-tion for clas-sic "counting-
 []


Overfull \hbox (5.66483pt too wide) in paragraph at lines 620--621
\OT1/cmr/m/it/10.95 [r,L]=\OT1/cmtt/m/n/10.95 Merge-and-Count\OT1/cmr/m/it/10.9
5 (A,B) (clas-sic "\OT1/cmtt/m/n/10.95 Merge-and-Count\OT1/cmr/m/it/10.95 " fun
c-tion for clas-
 []


Overfull \hbox (3.11278pt too wide) in paragraph at lines 627--628
[]\OT1/cmr/m/it/10.95 Let $\OML/cmm/m/it/10.95 a[]$ \OT1/cmr/m/it/10.95 and $\O
ML/cmm/m/it/10.95 b[]$ \OT1/cmr/m/it/10.95 be the el-e-ments pointed to by the 
$[]$ pointer; 
 []


Overfull \hbox (0.65553pt too wide) in paragraph at lines 630--631
[]\OT1/cmr/m/it/10.95 Advance the $[]$ pointer in the list from which the small
er
 []

Package mdframed Info: Box was splittet wrong
 starting loop to iterate the splitting point
(mdframed)              on input line 635.
[17]
Overfull \hbox (13.24489pt too wide) in paragraph at lines 644--645
\OT1/cmr/m/it/10.95 [r,(sorted) L]=\OT1/cmtt/m/n/10.95 Sort-and-Count\OT1/cmr/m
/it/10.95 (L) (dif-fer-ent from the one in clas-sic "counting-
 []


Overfull \hbox (20.13446pt too wide) in paragraph at lines 651--652
[]$\OT1/cmr/m/n/10.95 [\OML/cmm/m/it/10.95 r; L\OT1/cmr/m/n/10.95 ]$\OT1/cmr/m/
it/10.95 =\OT1/cmtt/m/n/10.95 Merge-and-Count2\OT1/cmr/m/it/10.95 (A,B); ( the 
only ma-jor as clas-sic "counting-
 []

Package mdframed Info: mdframed inside a box 
 mdframed uses option nobreak mdframed on input line 678.
[18] [19] [20]
Package mdframed Info: Not enough space on this page on input line 737.
 [21]
Package mdframed Info: Not enough space on this page on input line 737.
 [22]
Overfull \hbox (1.36443pt too wide) in paragraph at lines 784--786
[]$\OML/cmm/m/it/10.95 MWwithEndPoint\OT1/cmr/m/n/10.95 (\OML/cmm/m/it/10.95 r\
OT1/cmr/m/n/10.95 )$\OT1/cmr/m/it/10.95 : max-i-mum weight of in-de-pen-
 []

[23]
Overfull \hbox (36.52504pt too wide) in paragraph at lines 825--828
[]$\OML/cmm/m/it/10.95 V\OT1/cmr/m/n/10.95 (\OML/cmm/m/it/10.95 m \OT1/cmr/m/n/
10.95 + 1) [] [] []$\OT1/cmr/m/it/10.95 .
 []

[24]
Overfull \hbox (3.41568pt too wide) in paragraph at lines 853--854
[]\OT1/cmtt/m/n/10.95 opt$\OT1/cmr/m/n/10.95 [\OML/cmm/m/it/10.95 i; j\OT1/cmr/
m/n/10.95 ]$ \OT1/cmr/m/it/10.95 de-notes max-i-mal # of robots
 []


Overfull \hbox (22.51952pt too wide) in paragraph at lines 879--879
\OT1/cmr/m/it/10.95 Di-jk-stra's al-go-rithm in sec-tion 4.4 of [[]] with run-n
ing time $\OML/cmm/m/it/10.95 O []$\OT1/cmr/m/it/10.95 . 
 []


Overfull \hbox (60.44644pt too wide) detected at line 886
\OML/cmm/m/it/10.95 V\OT1/cmr/m/n/10.95 [\OML/cmm/m/it/10.95 j\OT1/cmr/m/n/10.9
5 ] \OMS/cmsy/m/n/10.95   [] []
 []

[25] [26]
Underfull \hbox (badness 10000) in paragraph at lines 958--974

 []


Underfull \hbox (badness 10000) in paragraph at lines 958--974

 []

[27]
Overfull \hbox (15.72534pt too wide) in paragraph at lines 977--989
[]\OT1/cmr/m/it/10.95 Consider the di-rected acyclic
 []

[28]
Overfull \hbox (0.88593pt too wide) in paragraph at lines 1041--1042
[]\OT1/cmtt/m/n/10.95 Feasible$\OT1/cmr/m/n/10.95 [\OML/cmm/m/it/10.95 i; a; b\
OT1/cmr/m/n/10.95 ]$ \OT1/cmr/m/it/10.95 (boolean vari-able):
 []


Overfull \hbox (19.41273pt too wide) in paragraph at lines 1047--1054
[]\OT1/cmtt/m/n/10.95 Feasible$\OT1/cmr/m/n/10.95 [\OML/cmm/m/it/10.95 i; a; b\
OT1/cmr/m/n/10.95 ] \OMS/cmsy/m/n/10.95   []$
 []

[29]
Overfull \hbox (29.93927pt too wide) detected at line 1085
\OML/cmm/m/it/10.95 M\OT1/cmr/m/n/10.95 [\OML/cmm/m/it/10.95 i; j\OT1/cmr/m/n/1
0.95 ] \OMS/cmsy/m/n/10.95   [] \OML/cmm/m/it/10.95 :
 []


Underfull \hbox (badness 10000) in paragraph at lines 1095--1108

 []


Overfull \hbox (5.00317pt too wide) in paragraph at lines 1116--1117
[]\OT1/cmtt/m/n/10.95 opt$\OT1/cmr/m/n/10.95 [\OML/cmm/m/it/10.95 t; j \OT1/cmr
/m/n/10.95 + 1] = [] []$\OT1/cmr/m/it/10.95 . We are al-ways schedul-
 []

[30]
Overfull \hbox (2.75446pt too wide) in paragraph at lines 1140--1142
[]\OT1/cmr/m/it/10.95 Introduce an $\OML/cmm/m/it/10.95 m$\OT1/cmr/m/n/10.95 -e
xact strat-egy \OT1/cmr/m/it/10.95 to be one with
 []

[31]
Underfull \hbox (badness 10000) in paragraph at lines 1169--1174

 []


Overfull \hbox (8.0727pt too wide) in paragraph at lines 1193--1194
[]
 []

[32]
Overfull \hbox (103.60025pt too wide) in paragraph at lines 1197--1201
[]\OT1/cmtt/m/n/10.95 shortestPath$\OT1/cmr/m/n/10.95 (\OML/cmm/m/it/10.95 i; j
; k \OT1/cmr/m/n/10.95 + 1) = [] []$ 
 []

File: 900px-Floyd-Warshall_example.svg.png Graphic file (type QTm)
<use  "900px-Floyd-Warshall_example.svg.png" >
Overfull \hbox (12.16669pt too wide) in paragraph at lines 1206--1207
 []
 []


Overfull \hbox (6.80466pt too wide) in paragraph at lines 1214--1214
[]\OT1/cmr/m/it/10.95 (a) For all $\OML/cmm/m/it/10.95 w \OMS/cmsy/m/n/10.95 2 
\OML/cmm/m/it/10.95 V$\OT1/cmr/m/it/10.95 , check whether $\OML/cmm/m/it/10.95 
d\OT1/cmr/m/n/10.95 (\OML/cmm/m/it/10.95 w\OT1/cmr/m/n/10.95 )$ \OT1/cmr/m/it/1
0.95 is equal to $[]\OMS/cmsy/m/n/10.95 f\OML/cmm/m/it/10.95 d\OT1/cmr/m/n/10.9
5 (\OML/cmm/m/it/10.95 v\OT1/cmr/m/n/10.95 ) +
 []

[33]
Overfull \hbox (9.10678pt too wide) in paragraph at lines 1247--1249
[]\OT1/cmr/m/it/10.95 Let again the num-
 []

[34] [35]
Underfull \hbox (badness 10000) in paragraph at lines 1320--1321

 []


Package mdframed Warning: You got a bad break
(mdframed)                because the last box will be empty
(mdframed)                you have to change it manually
(mdframed)                by changing the text, the space
(mdframed)                or something else on input line 1341.

Package mdframed Info: Box was splittet wrong
 starting loop to iterate the splitting point
(mdframed)              on input line 1341.
[36]
Overfull \hbox (12.9909pt too wide) in paragraph at lines 1358--1361
[]\OT1/cmr/m/it/10.95 A sub-se-quence is de-fined to be palin-
 []


Overfull \hbox (51.05695pt too wide) in paragraph at lines 1373--1383
[]$\OML/cmm/m/it/10.95 LCS\OT1/cmr/m/n/10.95 [\OML/cmm/m/it/10.95 i\OT1/cmr/m/n
/10.95 ; \OML/cmm/m/it/10.95 j\OT1/cmr/m/n/10.95 ] = [] []$ 
 []


Overfull \hbox (51.86533pt too wide) in paragraph at lines 1394--1403
[]$\OML/cmm/m/it/10.95 LCS\OT1/cmr/m/n/10.95 [\OML/cmm/m/it/10.95 i\OT1/cmr/m/n
/10.95 ; \OML/cmm/m/it/10.95 j\OT1/cmr/m/n/10.95 ] = [] []$ 
 []

[37]
Overfull \hbox (1.41875pt too wide) in paragraph at lines 1409--1410
\OT1/cmr/m/it/10.95 Length of the sub-sequence is $\OML/cmm/m/it/10.95 k$\OT1/c
mr/m/it/10.95 . For ex-am-ple given $\OT1/cmr/m/n/10.95 1\OML/cmm/m/it/10.95 :\
OT1/cmr/m/n/10.95 1\OML/cmm/m/it/10.95 ; \OMS/cmsy/m/n/10.95 ^^@\OT1/cmr/m/n/10
.95 2\OML/cmm/m/it/10.95 ; \OT1/cmr/m/n/10.95 0\OML/cmm/m/it/10.95 ; \OMS/cmsy/
m/n/10.95 ^^@\OT1/cmr/m/n/10.95 6\OML/cmm/m/it/10.95 ; \OT1/cmr/m/n/10.95 17\OM
L/cmm/m/it/10.95 :\OT1/cmr/m/n/10.95 2\OML/cmm/m/it/10.95 ; \OT1/cmr/m/n/10.95 
13$
 []


Overfull \hbox (5.96608pt too wide) in paragraph at lines 1411--1412
\OT1/cmr/m/it/10.95 that finds the length of the max-i-mum length in-creas-ing 
sub-sequence.
 []


Overfull \hbox (40.37222pt too wide) in paragraph at lines 1423--1429
[]\OT1/cmtt/m/n/10.95 opt$\OT1/cmr/m/n/10.95 [\OML/cmm/m/it/10.95 j; k\OT1/cmr/
m/n/10.95 ] \OMS/cmsy/m/n/10.95   [] []$ 
 []

[38]
Overfull \hbox (40.37222pt too wide) in paragraph at lines 1442--1448
[]\OT1/cmtt/m/n/10.95 opt$\OT1/cmr/m/n/10.95 [\OML/cmm/m/it/10.95 j; k\OT1/cmr/
m/n/10.95 ] \OMS/cmsy/m/n/10.95   [] []$ 
 []

[39] [40]
Missing character: There is no ﬂ in font cmti10!
Missing character: There is no ﬂ in font cmti10!

Overfull \hbox (5.75858pt too wide) in paragraph at lines 1547--1551
[]\OT1/cmr/m/it/10.95 Consider the fol-low-ing prob-lem. You are given
 []

[41]
Overfull \hbox (2.05565pt too wide) in paragraph at lines 1610--1612
[]\OT1/cmr/m/it/10.95 Given $\OML/cmm/m/it/10.95 G$\OT1/cmr/m/it/10.95 , $\OML/
cmm/m/it/10.95 X$\OT1/cmr/m/it/10.95 , and $\OML/cmm/m/it/10.95 S$\OT1/cmr/m/it
/10.95 , show how to de-cide in poly-no-mial time whether
 []


Overfull \hbox (28.04689pt too wide) in paragraph at lines 1630--1631
\OT1/cmr/m/it/10.95 [[]], by state-ment (7.33) of [[]] we can ob-tain it with r
un-ning time $\OML/cmm/m/it/10.95 O [] \OT1/cmr/m/n/10.95 =
 []

[42]
File: 7_14_a.jpg Graphic file (type QTm)
 <use  "7_14_a.jpg" >
File: 7_14_b.jpg Graphic file (type QTm)
 <use  "7_14_b.jpg" >
Overfull \hbox (12.16669pt too wide) in paragraph at lines 1645--1646
 []
 []


Overfull \hbox (37.6029pt too wide) detected at line 1655
\OML/cmm/m/it/10.95 V[] \OMS/cmsy/m/n/10.95   f\OML/cmm/m/it/10.95 v[]; v[] \OT
1/cmr/m/n/10.95 : \OML/cmm/m/it/10.95 v \OMS/cmsy/m/n/10.95 2 \OML/cmm/m/it/10.
95 V\OMS/cmsy/m/n/10.95 g [ f\OML/cmm/m/it/10.95 s[]; t[]\OMS/cmsy/m/n/10.95 g\
OML/cmm/m/it/10.95 ; E[] \OMS/cmsy/m/n/10.95   f\OT1/cmr/m/n/10.95 (\OML/cmm/m/
it/10.95 u[]; u[] \OT1/cmr/m/n/10.95 : (\OML/cmm/m/it/10.95 u; v\OT1/cmr/m/n/10
.95 ) \OMS/cmsy/m/n/10.95 2 \OML/cmm/m/it/10.95 E[]\OMS/cmsy/m/n/10.95 g\OML/cm
m/m/it/10.95 ; G[] \OMS/cmsy/m/n/10.95   h\OML/cmm/m/it/10.95 V[]; E[]\OMS/cmsy
/m/n/10.95 i\OML/cmm/m/it/10.95 ;
 []

[43] [44]
Package hyperref Info: bookmark level for unknown claim defaults to 0 on input 
line 1676.

Overfull \hbox (8.26567pt too wide) in paragraph at lines 1691--1692
[]\OT1/cmr/m/it/10.95 Bipartite graph whether or not with per-fect match-
 []

[45] [46]
Overfull \hbox (13.7089pt too wide) in paragraph at lines 1774--1776
[]\OT1/cmr/m/it/10.95 Compute a max flow
 []

Package mdframed Info: Not enough space on this page on input line 1782.
[47]
Package mdframed Info: Not enough space on this page on input line 1782.

Overfull \hbox (0.86038pt too wide) in paragraph at lines 1787--1788
[]$\OML/cmm/m/it/10.95 S \OMS/cmsy/m/n/10.95 ^^Z \OML/cmm/m/it/10.95 A[]; T \OM
S/cmsy/m/n/10.95 ^^Z \OML/cmm/m/it/10.95 B[]$ \OT1/cmr/m/it/10.95 for any min-i
-mum cut $\OT1/cmr/m/n/10.95 (\OML/cmm/m/it/10.95 A[]; B[]\OT1/cmr/m/n/10.95 )$
\OT1/cmr/m/it/10.95 . 
 []

[48]
Overfull \hbox (2.11876pt too wide) in paragraph at lines 1833--1836
[]\OT1/cmr/m/it/10.95 Create a bi-par-tite graph where $\OML/cmm/m/it/10.95 L \
OT1/cmr/m/n/10.95 = \OMS/cmsy/m/n/10.95 f\OML/cmm/m/it/10.95 D[]; [] ; D[]\OMS/
cmsy/m/n/10.95 g$
 []

[49]
Overfull \hbox (4.71614pt too wide) in paragraph at lines 1916--1920
[]\OT1/cmr/m/it/10.95 Reduce the
 []

[50] [51] [52]
Overfull \hbox (3.42838pt too wide) in paragraph at lines 2052--2053
[]\OT1/cmr/m/it/10.95 Speaking of Ver-tex Cover (VC) and Hit-ting set prob-lem 
(HS),
 []

[53]
Overfull \hbox (39.17278pt too wide) in paragraph at lines 2100--2101
[]\OT1/cmr/m/it/10.95 To show "weighted HS $\OMS/cmsy/m/n/10.95 ^^T[]$ \OT1/cmr
/m/it/10.95 weighted SC", con-sider any HS: $\OML/cmm/m/it/10.95 A \OT1/cmr/m/n
/10.95 = \OMS/cmsy/m/n/10.95 f\OML/cmm/m/it/10.95 a[]; a[]; [] ; a[]\OMS/cmsy/m
/n/10.95 g$
 []


Overfull \hbox (4.16553pt too wide) in paragraph at lines 2118--2128
[]\OT1/cmr/m/it/10.95 Consider an in-stance of the Sat-is-fi-a-bil-ity prob-lem
, spec-
 []

Package mdframed Info: Not enough space on this page on input line 2146.
[54]
Package mdframed Info: Not enough space on this page on input line 2146.

Overfull \hbox (0.2709pt too wide) in paragraph at lines 2148--2153
[]\OT1/cmr/m/it/10.95 On the sur-face, \OT1/cmr/m/n/10.95 Mono-tone Sat-is-fi-a
-bil-ity with Few
 []

[55]
Missing character: There is no ’ in font cmti10!
Missing character: There is no ’ in font cmr9!
 [56] [57] [58] [59]
Overfull \hbox (22.64566pt too wide) in paragraph at lines 2409--2415
[]\OT1/cmr/m/it/10.95 Specifically, let us con-sider an in-stance of HS, with a
 set $\OML/cmm/m/it/10.95 A \OT1/cmr/m/n/10.95 = \OMS/cmsy/m/n/10.95 f\OML/cmm/
m/it/10.95 a[]; [] ; a[]\OMS/cmsy/m/n/10.95 g$\OT1/cmr/m/it/10.95 ,
 []

[60]
Overfull \hbox (3.0874pt too wide) in paragraph at lines 2507--2508
[]\OT1/cmr/m/it/10.95 Another way
 []

[61] [62]
Overfull \hbox (26.5125pt too wide) in paragraph at lines 2586--2587
[]\OT1/cmr/m/it/10.95 Reduce from Par-ti-tion prob-lem to Zero-Weighted-
 []

[63]
Missing character: There is no ’ in font cmti10!
Missing character: There is no ’ in font cmti10!
Missing character: There is no ’ in font cmti10!
Missing character: There is no “ in font cmti10!
Missing character: There is no ” in font cmti10!
 [64]
Missing character: There is no ﬃ in font cmti10!
 [65] [66]
Package mdframed Info: Not enough space on this page on input line 2702.

Overfull \hbox (6.79587pt too wide) in paragraph at lines 2705--2706
[]\OT1/cmr/m/it/10.95 Given an IS in-stance $\OML/cmm/m/it/10.95 G \OT1/cmr/m/n
/10.95 = \OMS/cmsy/m/n/10.95 h\OML/cmm/m/it/10.95 V; E\OMS/cmsy/m/n/10.95 i$ \O
T1/cmr/m/it/10.95 with #$\OML/cmm/m/it/10.95 V \OT1/cmr/m/n/10.95 =
 []

[67]
Overfull \hbox (91.7647pt too wide) in alignment at lines 2731--2737
 [][][] []
 []


Overfull \hbox (13.36914pt too wide) in paragraph at lines 2773--2774
[]\OT1/cmr/m/it/10.95 By re-fer-ring to claim [][]7[][], we know "weighted HS" 
$\OMS/cmsy/m/n/10.95 ^^T[]$ \OT1/cmr/m/it/10.95 "weighted
 []

[68]
Overfull \hbox (2.13512pt too wide) in paragraph at lines 2791--2792
[]\OT1/cmr/m/it/10.95 (a) Ev-ery time show cus-tomer $\OML/cmm/m/it/10.95 j$ \O
T1/cmr/m/it/10.95 the ad-ver-tise-ment $\OML/cmm/m/it/10.95 A[]$ \OT1/cmr/m/it/
10.95 which
 []


Overfull \hbox (4.9869pt too wide) in paragraph at lines 2791--2792
\OT1/cmr/m/it/10.95 has the low-est to-tal weight. The spread $\OML/cmm/m/it/10
.95 S$ \OT1/cmr/m/it/10.95 its find sat-is-fies $\OML/cmm/m/it/10.95 S \OMS/cms
y/m/n/10.95 ^^T [] \OML/cmm/m/it/10.95 S[]$\OT1/cmr/m/it/10.95 . 
 []


Overfull \hbox (18.52838pt too wide) in paragraph at lines 2798--2799
[][] \OML/cmm/m/it/10.95 T[]$\OT1/cmr/m/it/10.95 . We ob-tain an or-der of jobs
 $\OML/cmm/m/it/10.95 J[]; J[]; [] ; J[]$\OT1/cmr/m/it/10.95 , and $\OML/cmm/m/
it/10.95 J[]; [] ; J[]; J[]$
 []

[69] [70]
Overfull \hbox (25.54784pt too wide) detected at line 2852
[] \OML/cmm/m/it/10.95 w[] \OT1/cmr/m/n/10.95 = [] [] [] \OMS/cmsy/m/n/10.95 ^^
T [] []d[]e \OT1/cmr/m/n/10.95 = [] [] \OML/cmm/m/it/10.95 s[] \OMS/cmsy/m/n/10
.95 ^^T [] [] ^^T \OT1/cmr/m/n/10.95 (1 + \OML/cmm/m/it/10.95 ^^O\OT1/cmr/m/n/1
0.95 )\OML/cmm/m/it/10.95 W;
 []

[71]
Package mdframed Info: Not enough space on this page on input line 2883.

Overfull \hbox (39.6683pt too wide) in alignment at lines 2889--2893
 [][][] []
 []

[72]
Overfull \hbox (9.97255pt too wide) in paragraph at lines 2936--2937
[]\OT1/cmr/m/it/10.95 "dense sub-graph" might be NP hard
 []

[73] [74] [75]
Overfull \hbox (2.39738pt too wide) detected at line 3067
[] [] \OT1/cmr/bx/n/10.95 P [] \OML/cmm/m/it/10.95 < [] [] \OMS/cmsy/m/n/10.95 
^^Q [] [] \OML/cmm/m/it/10.95 B\OT1/cmr/m/n/10.95 (\OML/cmm/m/it/10.95 r\OT1/cm
r/m/n/10.95 )\OML/cmm/m/it/10.95 :
 []


Overfull \hbox (24.5023pt too wide) in alignment at lines 3071--3087
 [][][] []
 []

[76]
Overfull \hbox (22.21121pt too wide) in paragraph at lines 3093--3095
[]\OT1/cmr/m/it/10.95 Divide set $\OML/cmm/m/it/10.95 S$ \OT1/cmr/m/it/10.95 in
to $\OML/cmm/m/it/10.95 ^^O[] \OT1/cmr/m/n/10.95 = 20$ quan-tiles $\OML/cmm/m/i
t/10.95 Q[]; [] ; Q[]$\OT1/cmr/m/it/10.95 ,
 []


Overfull \hbox (43.20474pt too wide) in alignment at lines 3095--3099
 [][][] []
 []

Package mdframed Info: Not enough space on this page on input line 3121.
[77]
Package mdframed Info: Not enough space on this page on input line 3121.

Overfull \hbox (15.43315pt too wide) in alignment at lines 3126--3132
 [][][] []
 []


Overfull \hbox (28.06685pt too wide) in paragraph at lines 3132--3135
\OT1/cmr/m/it/10.95 indicating \OT1/cmtt/m/n/10.95 median\OT1/cmr/m/it/10.95 ($
\OML/cmm/m/it/10.95 S[]$\OT1/cmr/m/it/10.95 )$[] [][] [] \OMS/cmsy/m/n/10.95 [ 
[][] \OML/cmm/m/it/10.95 Q[]$\OT1/cmr/m/it/10.95 . There-fore \OT1/cmtt/m/n/10.
95 median\OT1/cmr/m/it/10.95 ($\OML/cmm/m/it/10.95 S[]$\OT1/cmr/m/it/10.95 )$\O
MS/cmsy/m/n/10.95 2
 []


Overfull \hbox (17.81924pt too wide) in paragraph at lines 3140--3142
[]$\OT1/cmr/bx/n/10.95 P [] \OML/cmm/m/it/10.95 ; \OT1/cmr/bx/n/10.95 P [] \OMS
/cmsy/m/n/10.95 ^^T
 []


Overfull \hbox (9.06418pt too wide) in alignment at lines 3149--3153
 [][][] []
 []


Overfull \hbox (28.43875pt too wide) in alignment at lines 3164--3168
 [][][] []
 []

[78]
Overfull \hbox (12.93764pt too wide) in paragraph at lines 3216--3226
[]\OT1/cmr/m/it/10.95 Divide set $\OML/cmm/m/it/10.95 S$ \OT1/cmr/m/it/10.95 in
to three parts[][][][][]: 
 []

[79]
Package mdframed Info: Not enough space on this page on input line 3259.
 [80]
Package mdframed Info: Not enough space on this page on input line 3259.

Overfull \hbox (2.08153pt too wide) in paragraph at lines 3268--3272
[]$\OT1/cmr/bx/n/10.95 P []$ $\OMS/cmsy/m/n/10.95 ^^T [][]$\OT1/cmr/m/it/10.95 
,
 []


Overfull \hbox (60.4373pt too wide) detected at line 3277
\OML/cmm/m/it/10.95 ^^V[] \OT1/cmr/m/n/10.95 = \OT1/cmr/bx/n/10.95 E [] \OT1/cm
r/m/n/10.95 1[] = [] \OT1/cmr/bx/n/10.95 P\OT1/cmr/m/n/10.95 (\OML/cmm/m/it/10.
95 x \OMS/cmsy/m/n/10.95 2 \OML/cmm/m/it/10.95 S[]\OT1/cmr/m/n/10.95 ) = [] \OM
L/cmm/m/it/10.95 ^^O\OT1/cmr/m/n/10.95 #\OML/cmm/m/it/10.95 S \OMS/cmsy/m/n/10.
95 ^^A [] \OT1/cmr/m/n/10.95 = [] #\OML/cmm/m/it/10.95 S[] \OT1/cmr/m/n/10.95 =
 18\OML/cmm/m/it/10.95 ; \OT1/cmr/m/n/10.95 000\OML/cmm/m/it/10.95 :
 []


Overfull \hbox (75.42632pt too wide) in alignment at lines 3279--3283
 [][][] []
 []


Overfull \hbox (36.2599pt too wide) in alignment at lines 3292--3300
 [][][] []
 []

[81] [82] [83]
Overfull \hbox (31.53117pt too wide) in paragraph at lines 3450--3451
[]\OT1/cmr/m/n/10.95 Markov In-equal-ity for a non-neg-a-tive ran-dom vari-able
 X to be $\OT1/cmr/bx/n/10.95 P [] \OMS/cmsy/m/n/10.95 ^^T
 []


Overfull \hbox (74.61119pt too wide) in alignment at lines 3461--3465
 [][][] []
 []

[84]
Overfull \hbox (52.20284pt too wide) in alignment at lines 3466--3470
 [][][] []
 []

Missing character: There is no É in font cmr10!

Underfull \hbox (badness 10000) in paragraph at lines 3485--3486
[][][]\OT1/cmr/m/n/10.95 http://fulinyuntools.googlecode.com/svn-
 []


Underfull \hbox (badness 10000) in paragraph at lines 3486--3487
[][][]\OT1/cmr/m/n/10.95 http://courses.csail.mit.edu/6.046/spring04/handouts/p
rac-final-
 []


Overfull \hbox (30.59613pt too wide) in paragraph at lines 3487--3488
[][][]\OT1/cmr/m/n/10.95 https://answers.yahoo.com/question/index?qid=200904292
24341AAcHBBG[][]. 
 []


Underfull \hbox (badness 10000) in paragraph at lines 3488--3489
[][][]\OT1/cmr/m/n/10.95 https://www.coursehero.com/file/p65ci76/2-and-vice-ver
sa-which-
 []


Underfull \hbox (badness 10000) in paragraph at lines 3489--3490
[][][]\OT1/cmr/m/n/10.95 http://www.cs.cmu.edu/afs/cs/academic/class/15750-
 []


Underfull \hbox (badness 10000) in paragraph at lines 3490--3491
[][][]\OT1/cmr/m/n/10.95 http://sharable-stuff.googlecode.com/svn/trunk/Classes
/2007-
 []

[85]
Overfull \hbox (24.89299pt too wide) in paragraph at lines 3492--3493
[][][]\OT1/cmr/m/n/10.95 https://answers.yahoo.com/question/index?qid=201012010
25004AADnK7p[][] 
 []

\tf@thm=\write5
\openout5 = `HW_cis_502.thm'.

Package atveryend Info: Empty hook `BeforeClearDocument' on input line 3494.
[86]
Package atveryend Info: Empty hook `AfterLastShipout' on input line 3494.
 (./HW_cis_502.aux)
Package atveryend Info: Empty hook `AtVeryEndDocument' on input line 3494.
Package atveryend Info: Empty hook `AtEndAfterFileList' on input line 3494.


LaTeX Warning: There were undefined references.


LaTeX Warning: There were multiply-defined labels.

 ) 
Here is how much of TeX's memory you used:
 16219 strings out of 494893
 263859 string characters out of 6168745
 332267 words of memory out of 5000000
 19335 multiletter control sequences out of 15000+600000
 19741 words of font info for 74 fonts, out of 8000000 for 9000
 430 hyphenation exceptions out of 8191
 40i,15n,45p,10419b,619s stack positions out of 5000i,500n,10000p,200000b,80000s

Output written on HW_cis_502.pdf (86 pages).
